#
# A fatal error has been detected by the Java Runtime Environment:
#
#  EXCEPTION_ACCESS_VIOLATION (0xc0000005) at pc=0x000007fef49a6f11, pid=5344, tid=4380
#
# JRE version: Java(TM) SE Runtime Environment (7.0_67-b01) (build 1.7.0_67-b01)
# Java VM: Java HotSpot(TM) 64-Bit Server VM (24.65-b04 mixed mode windows-amd64 compressed oops)
# Problematic frame:
# C  0x000007fef49a6f11
#
# Failed to write core dump. Minidumps are not enabled by default on client versions of Windows
#
# If you would like to submit a bug report, please visit:
#   http://bugreport.sun.com/bugreport/crash.jsp
# The crash happened outside the Java Virtual Machine in native code.
# See problematic frame for where to report the bug.
#

---------------  T H R E A D  ---------------

Current thread (0x000000000c0ae800):  JavaThread "QR Thread" [_thread_in_native, id=4380, stack(0x00000000100d0000,0x00000000101d0000)]

siginfo: ExceptionCode=0xc0000005, reading address 0x0000000001f01358

Registers:
RAX=0x0000000001f01358, RBX=0x0000000000010001, RCX=0xef82e15a365d0000, RDX=0x000000000e2cd980
RSP=0x00000000101cec60, RBP=0x0000000000010001, RSI=0x0000000000000000, RDI=0x00000000101cee20
R8 =0x00000000101cecf8, R9 =0x00000000101cece5, R10=0x00000000101cec1a, R11=0x00000000101cec50
R12=0x0000000000000000, R13=0x0000000000000000, R14=0x0000000000000000, R15=0x0000000000000000
RIP=0x000007fef49a6f11, EFLAGS=0x0000000000010202

Top of Stack: (sp=0x00000000101cec60)
0x00000000101cec60:   0000000000000000 00000000d867fd00
0x00000000101cec70:   0000000000010001 0000000000000000
0x00000000101cec80:   0000000000000028 0000078000000000
0x00000000101cec90:   0000003e00000438 0000078000000000
0x00000000101ceca0:   0000000100000438 0000000000000180
0x00000000101cecb0:   0000000000000048 0000078000000000
0x00000000101cecc0:   0000003e00000438 0000078000000000
0x00000000101cecd0:   0000000100000438 505349445c2e5c5c
0x00000000101cece0:   0000ef003159414c 00000000021060f8
0x00000000101cecf0:   0000000077405430 000000000c0ae800
0x00000000101ced00:   0000ef82f1331913 00000000837d54d8
0x00000000101ced10:   0000000000000000 0000000077205c04
0x00000000101ced20:   00000000101cee18 0000000000000000
0x00000000101ced30:   000000000c0ae800 000000006af07d86
0x00000000101ced40:   0000000001d92301 0000000000000000
0x00000000101ced50:   0000000000000000 000000006ae698b5 

Instructions: (pc=0x000007fef49a6f11)
0x000007fef49a6ef1:   
[error occurred during error reporting (printing registers, top of stack, instructions near pc), id 0xc0000005]

Register to memory mapping:

RAX=0x0000000001f01358 is an unknown value
RBX=0x0000000000010001 is an unknown value
RCX=0xef82e15a365d0000 is an unknown value
RDX=0x000000000e2cd980 is an unknown value
RSP=0x00000000101cec60 is pointing into the stack for thread: 0x000000000c0ae800
RBP=0x0000000000010001 is an unknown value
RSI=0x0000000000000000 is an unknown value
RDI=0x00000000101cee20 is pointing into the stack for thread: 0x000000000c0ae800
R8 =0x00000000101cecf8 is pointing into the stack for thread: 0x000000000c0ae800
R9 =0x00000000101cece5 is pointing into the stack for thread: 0x000000000c0ae800
R10=0x00000000101cec1a is pointing into the stack for thread: 0x000000000c0ae800
R11=0x00000000101cec50 is pointing into the stack for thread: 0x000000000c0ae800
R12=0x0000000000000000 is an unknown value
R13=0x0000000000000000 is an unknown value
R14=0x0000000000000000 is an unknown value
R15=0x0000000000000000 is an unknown value


Stack: [0x00000000100d0000,0x00000000101d0000],  sp=0x00000000101cec60,  free space=1019k
Native frames: (J=compiled Java code, j=interpreted, Vv=VM code, C=native code)
C  0x000007fef49a6f11

Java frames: (J=compiled Java code, j=interpreted, Vv=VM code)
j  sun.java2d.d3d.D3DSurfaceData.initOps(III)V+0
j  sun.java2d.d3d.D3DSurfaceData.<init>(Lsun/awt/windows/WComponentPeer;Lsun/java2d/d3d/D3DGraphicsConfig;IILjava/awt/Image;Ljava/awt/image/ColorModel;IILsun/java2d/pipe/hw/ExtendedBufferCapabilities$VSyncType;I)V+76
j  sun.java2d.d3d.D3DSurfaceData.createData(Lsun/awt/windows/WComponentPeer;Ljava/awt/Image;)Lsun/java2d/d3d/D3DSurfaceData;+117
j  sun.java2d.d3d.D3DVolatileSurfaceManager.initAcceleratedSurface()Lsun/java2d/SurfaceData;+59
j  sun.java2d.d3d.D3DVolatileSurfaceManager.restoreAcceleratedSurface()V+62
j  sun.awt.image.VolatileSurfaceManager.validate(Ljava/awt/GraphicsConfiguration;)I+94
j  sun.awt.image.SunVolatileImage.validate(Ljava/awt/GraphicsConfiguration;)I+5
j  java.awt.Component$FlipBufferStrategy.revalidate(Z)V+82
j  java.awt.Component$FlipBufferStrategy.revalidate()V+2
j  java.awt.Component$FlipBufferStrategy.getDrawGraphics()Ljava/awt/Graphics;+1
j  hu.berzsenyi.qr.read.ReaderApp.render()V+16
j  hu.berzsenyi.qr.read.ReaderApp.run()V+9
j  java.lang.Thread.run()V+11
v  ~StubRoutines::call_stub

---------------  P R O C E S S  ---------------

Java Threads: ( => current thread )
  0x000000000c1af000 JavaThread "TimerQueue" daemon [_thread_blocked, id=5044, stack(0x0000000011c30000,0x0000000011d30000)]
  0x000000000039e800 JavaThread "DestroyJavaVM" [_thread_blocked, id=1280, stack(0x0000000002000000,0x0000000002100000)]
=>0x000000000c0ae800 JavaThread "QR Thread" [_thread_in_native, id=4380, stack(0x00000000100d0000,0x00000000101d0000)]
  0x000000000c041000 JavaThread "AWT-EventQueue-0" [_thread_blocked, id=4616, stack(0x000000000fdd0000,0x000000000fed0000)]
  0x000000000bf67800 JavaThread "AWT-Shutdown" [_thread_blocked, id=220, stack(0x000000000c510000,0x000000000c610000)]
  0x000000000bf33800 JavaThread "Java2D Disposer" daemon [_thread_blocked, id=3800, stack(0x000000000c6a0000,0x000000000c7a0000)]
  0x000000000a19a000 JavaThread "Service Thread" daemon [_thread_blocked, id=6564, stack(0x000000000be10000,0x000000000bf10000)]
  0x000000000a196000 JavaThread "C2 CompilerThread1" daemon [_thread_blocked, id=5420, stack(0x000000000bc40000,0x000000000bd40000)]
  0x000000000a182800 JavaThread "C2 CompilerThread0" daemon [_thread_blocked, id=888, stack(0x000000000ba50000,0x000000000bb50000)]
  0x000000000a17d800 JavaThread "Attach Listener" daemon [_thread_blocked, id=2740, stack(0x000000000b810000,0x000000000b910000)]
  0x000000000a176800 JavaThread "Signal Dispatcher" daemon [_thread_blocked, id=6752, stack(0x000000000b620000,0x000000000b720000)]
  0x000000000a124000 JavaThread "Finalizer" daemon [_thread_blocked, id=6072, stack(0x000000000b330000,0x000000000b430000)]
  0x000000000a11d000 JavaThread "Reference Handler" daemon [_thread_blocked, id=5876, stack(0x000000000b430000,0x000000000b530000)]

Other Threads:
  0x000000000a116800 VMThread [stack: 0x000000000b220000,0x000000000b320000] [id=6248]
  0x000000000bf28800 WatcherThread [stack: 0x000000000c410000,0x000000000c510000] [id=5308]

VM state:not at safepoint (normal execution)

VM Mutex/Monitor currently owned by a thread: None

Heap
 PSYoungGen      total 66560K, used 13417K [0x00000000d8100000, 0x00000000dc700000, 0x0000000100000000)
  eden space 61440K, 13% used [0x00000000d8100000,0x00000000d895b020,0x00000000dbd00000)
  from space 5120K, 94% used [0x00000000dc200000,0x00000000dc6bf620,0x00000000dc700000)
  to   space 5120K, 0% used [0x00000000dbd00000,0x00000000dbd00000,0x00000000dc200000)
 ParOldGen       total 81408K, used 36768K [0x0000000088400000, 0x000000008d380000, 0x00000000d8100000)
  object space 81408K, 45% used [0x0000000088400000,0x000000008a7e8290,0x000000008d380000)
 PSPermGen       total 21504K, used 10615K [0x0000000083200000, 0x0000000084700000, 0x0000000088400000)
  object space 21504K, 49% used [0x0000000083200000,0x0000000083c5ddb8,0x0000000084700000)

Card table byte_map: [0x0000000005100000,0x00000000054f0000] byte_map_base: 0x0000000004ce7000

Polling page: 0x0000000000090000

Code Cache  [0x0000000002100000, 0x0000000002370000, 0x0000000005100000)
 total_blobs=492 nmethods=65 adapters=381 free_code_cache=48474Kb largest_free_block=49616384

Compilation events (10 events):
Event: 5.258 Thread 0x000000000a196000 nmethod 60 0x00000000021a6410 code [0x00000000021a6560, 0x00000000021a66b8]
Event: 5.258 Thread 0x000000000a196000   61             sun.awt.image.IntegerInterleavedRaster::setDataElements (94 bytes)
Event: 5.261 Thread 0x000000000a196000 nmethod 61 0x00000000021a5f10 code [0x00000000021a6060, 0x00000000021a61f8]
Event: 5.261 Thread 0x000000000a182800 nmethod 59 0x00000000021aaa10 code [0x00000000021aab80, 0x00000000021ab0a8]
Event: 5.261 Thread 0x000000000a196000   62 %           hu.berzsenyi.qr.read.ReaderApp::postProcess @ 30 (354 bytes)
Event: 5.271 Thread 0x000000000a196000 nmethod 62% 0x00000000021aa150 code [0x00000000021aa2e0, 0x00000000021aa690]
Event: 7.062 Thread 0x000000000a182800   64             java.util.HashMap::indexFor (6 bytes)
Event: 7.063 Thread 0x000000000a182800 nmethod 64 0x0000000002165bd0 code [0x0000000002165d00, 0x0000000002165d38]
Event: 8.226 Thread 0x000000000a196000   65             java.util.concurrent.locks.AbstractOwnableSynchronizer::setExclusiveOwnerThread (6 bytes)
Event: 8.227 Thread 0x000000000a196000 nmethod 65 0x00000000021a5d10 code [0x00000000021a5e40, 0x00000000021a5e98]

GC Heap History (8 events):
Event: 4.295 GC heap before
{Heap before GC invocations=1 (full 0):
 PSYoungGen      total 35840K, used 30720K [0x00000000d8100000, 0x00000000da900000, 0x0000000100000000)
  eden space 30720K, 100% used [0x00000000d8100000,0x00000000d9f00000,0x00000000d9f00000)
  from space 5120K, 0% used [0x00000000da400000,0x00000000da400000,0x00000000da900000)
  to   space 5120K, 0% used [0x00000000d9f00000,0x00000000d9f00000,0x00000000da400000)
 ParOldGen       total 81408K, used 0K [0x0000000088400000, 0x000000008d380000, 0x00000000d8100000)
  object space 81408K, 0% used [0x0000000088400000,0x0000000088400000,0x000000008d380000)
 PSPermGen       total 21504K, used 10562K [0x0000000083200000, 0x0000000084700000, 0x0000000088400000)
  object space 21504K, 49% used [0x0000000083200000,0x0000000083c50a28,0x0000000084700000)
Event: 4.323 GC heap after
Heap after GC invocations=1 (full 0):
 PSYoungGen      total 35840K, used 4477K [0x00000000d8100000, 0x00000000da900000, 0x0000000100000000)
  eden space 30720K, 0% used [0x00000000d8100000,0x00000000d8100000,0x00000000d9f00000)
  from space 5120K, 87% used [0x00000000d9f00000,0x00000000da35f620,0x00000000da400000)
  to   space 5120K, 0% used [0x00000000da400000,0x00000000da400000,0x00000000da900000)
 ParOldGen       total 81408K, used 27648K [0x0000000088400000, 0x000000008d380000, 0x00000000d8100000)
  object space 81408K, 33% used [0x0000000088400000,0x0000000089f00030,0x000000008d380000)
 PSPermGen       total 21504K, used 10562K [0x0000000083200000, 0x0000000084700000, 0x0000000088400000)
  object space 21504K, 49% used [0x0000000083200000,0x0000000083c50a28,0x0000000084700000)
}
Event: 4.628 GC heap before
{Heap before GC invocations=2 (full 0):
 PSYoungGen      total 35840K, used 35197K [0x00000000d8100000, 0x00000000da900000, 0x0000000100000000)
  eden space 30720K, 100% used [0x00000000d8100000,0x00000000d9f00000,0x00000000d9f00000)
  from space 5120K, 87% used [0x00000000d9f00000,0x00000000da35f620,0x00000000da400000)
  to   space 5120K, 0% used [0x00000000da400000,0x00000000da400000,0x00000000da900000)
 ParOldGen       total 81408K, used 27648K [0x0000000088400000, 0x000000008d380000, 0x00000000d8100000)
  object space 81408K, 33% used [0x0000000088400000,0x0000000089f00030,0x000000008d380000)
 PSPermGen       total 21504K, used 10562K [0x0000000083200000, 0x0000000084700000, 0x0000000088400000)
  object space 21504K, 49% used [0x0000000083200000,0x0000000083c50a28,0x0000000084700000)
Event: 4.638 GC heap after
Heap after GC invocations=2 (full 0):
 PSYoungGen      total 35840K, used 4445K [0x00000000d8100000, 0x00000000dc700000, 0x0000000100000000)
  eden space 30720K, 0% used [0x00000000d8100000,0x00000000d8100000,0x00000000d9f00000)
  from space 5120K, 86% used [0x00000000da400000,0x00000000da857620,0x00000000da900000)
  to   space 5120K, 0% used [0x00000000d9f00000,0x00000000d9f00000,0x00000000da400000)
 ParOldGen       total 81408K, used 32204K [0x0000000088400000, 0x000000008d380000, 0x00000000d8100000)
  object space 81408K, 39% used [0x0000000088400000,0x000000008a373160,0x000000008d380000)
 PSPermGen       total 21504K, used 10562K [0x0000000083200000, 0x0000000084700000, 0x0000000088400000)
  object space 21504K, 49% used [0x0000000083200000,0x0000000083c50a28,0x0000000084700000)
}
Event: 4.948 GC heap before
{Heap before GC invocations=3 (full 0):
 PSYoungGen      total 35840K, used 35165K [0x00000000d8100000, 0x00000000dc700000, 0x0000000100000000)
  eden space 30720K, 100% used [0x00000000d8100000,0x00000000d9f00000,0x00000000d9f00000)
  from space 5120K, 86% used [0x00000000da400000,0x00000000da857620,0x00000000da900000)
  to   space 5120K, 0% used [0x00000000d9f00000,0x00000000d9f00000,0x00000000da400000)
 ParOldGen       total 81408K, used 32204K [0x0000000088400000, 0x000000008d380000, 0x00000000d8100000)
  object space 81408K, 39% used [0x0000000088400000,0x000000008a373160,0x000000008d380000)
 PSPermGen       total 21504K, used 10562K [0x0000000083200000, 0x0000000084700000, 0x0000000088400000)
  object space 21504K, 49% used [0x0000000083200000,0x0000000083c50a28,0x0000000084700000)
Event: 4.955 GC heap after
Heap after GC invocations=3 (full 0):
 PSYoungGen      total 35840K, used 4413K [0x00000000d8100000, 0x00000000dc700000, 0x0000000100000000)
  eden space 30720K, 0% used [0x00000000d8100000,0x00000000d8100000,0x00000000d9f00000)
  from space 5120K, 86% used [0x00000000d9f00000,0x00000000da34f620,0x00000000da400000)
  to   space 5120K, 0% used [0x00000000dc200000,0x00000000dc200000,0x00000000dc700000)
 ParOldGen       total 81408K, used 33723K [0x0000000088400000, 0x000000008d380000, 0x00000000d8100000)
  object space 81408K, 41% used [0x0000000088400000,0x000000008a4eec70,0x000000008d380000)
 PSPermGen       total 21504K, used 10562K [0x0000000083200000, 0x0000000084700000, 0x0000000088400000)
  object space 21504K, 49% used [0x0000000083200000,0x0000000083c50a28,0x0000000084700000)
}
Event: 5.279 GC heap before
{Heap before GC invocations=4 (full 0):
 PSYoungGen      total 35840K, used 35133K [0x00000000d8100000, 0x00000000dc700000, 0x0000000100000000)
  eden space 30720K, 100% used [0x00000000d8100000,0x00000000d9f00000,0x00000000d9f00000)
  from space 5120K, 86% used [0x00000000d9f00000,0x00000000da34f620,0x00000000da400000)
  to   space 5120K, 0% used [0x00000000dc200000,0x00000000dc200000,0x00000000dc700000)
 ParOldGen       total 81408K, used 33723K [0x0000000088400000, 0x000000008d380000, 0x00000000d8100000)
  object space 81408K, 41% used [0x0000000088400000,0x000000008a4eec70,0x000000008d380000)
 PSPermGen       total 21504K, used 10605K [0x0000000083200000, 0x0000000084700000, 0x0000000088400000)
  object space 21504K, 49% used [0x0000000083200000,0x0000000083c5b770,0x0000000084700000)
Event: 5.288 GC heap after
Heap after GC invocations=4 (full 0):
 PSYoungGen      total 66560K, used 4861K [0x00000000d8100000, 0x00000000dc700000, 0x0000000100000000)
  eden space 61440K, 0% used [0x00000000d8100000,0x00000000d8100000,0x00000000dbd00000)
  from space 5120K, 94% used [0x00000000dc200000,0x00000000dc6bf620,0x00000000dc700000)
  to   space 5120K, 0% used [0x00000000dbd00000,0x00000000dbd00000,0x00000000dc200000)
 ParOldGen       total 81408K, used 36768K [0x0000000088400000, 0x000000008d380000, 0x00000000d8100000)
  object space 81408K, 45% used [0x0000000088400000,0x000000008a7e8290,0x000000008d380000)
 PSPermGen       total 21504K, used 10605K [0x0000000083200000, 0x0000000084700000, 0x0000000088400000)
  object space 21504K, 49% used [0x0000000083200000,0x0000000083c5b770,0x0000000084700000)
}

Deoptimization events (10 events):
Event: 5.088 Thread 0x000000000c0ae800 Uncommon trap: reason=range_check action=make_not_entrant pc=0x000000000218bc94 method=java.awt.image.DirectColorModel.getsRGBComponentFromsRGB(II)I @ 6
Event: 5.088 Thread 0x000000000c0ae800 Uncommon trap: reason=range_check action=make_not_entrant pc=0x00000000021884f0 method=java.awt.image.DirectColorModel.getsRGBComponentFromsRGB(II)I @ 6
Event: 5.088 Thread 0x000000000c0ae800 Uncommon trap: reason=range_check action=make_not_entrant pc=0x00000000021834f0 method=java.awt.image.DirectColorModel.getsRGBComponentFromsRGB(II)I @ 6
Event: 5.088 Thread 0x000000000c0ae800 Uncommon trap: reason=class_check action=maybe_recompile pc=0x00000000021941e8 method=java.awt.image.BufferedImage.getRGB(II)I @ 11
Event: 5.088 Thread 0x000000000c0ae800 Uncommon trap: reason=range_check action=make_not_entrant pc=0x00000000021849f0 method=java.awt.image.DirectColorModel.getsRGBComponentFromsRGB(II)I @ 6
Event: 5.088 Thread 0x000000000c0ae800 Uncommon trap: reason=class_check action=maybe_recompile pc=0x00000000021941e8 method=java.awt.image.BufferedImage.getRGB(II)I @ 11
Event: 5.088 Thread 0x000000000c0ae800 Uncommon trap: reason=class_check action=maybe_recompile pc=0x00000000021941e8 method=java.awt.image.BufferedImage.getRGB(II)I @ 11
Event: 5.174 Thread 0x000000000c0ae800 Uncommon trap: reason=unreached action=reinterpret pc=0x000000000219d008 method=hu.berzsenyi.qr.read.BitExtractor.extract(II[I)[[Z @ 173
Event: 5.237 Thread 0x000000000c0ae800 Uncommon trap: reason=unreached action=reinterpret pc=0x00000000021a830c method=hu.berzsenyi.qr.read.FinderPatternFinder.findPatterns(II[[Z)Ljava/util/List; @ 752
Event: 5.302 Thread 0x000000000c0ae800 Uncommon trap: reason=unloaded action=reinterpret pc=0x00000000021aa544 method=hu.berzsenyi.qr.read.ReaderApp.postProcess()V @ 136

Internal exceptions (10 events):
Event: 0.682 Thread 0x000000000039e800 Threw 0x00000000d83afa80 at C:\re\jdk7u67\1368\hotspot\src\share\vm\prims\jvm.cpp:1244
Event: 0.684 Thread 0x000000000039e800 Threw 0x00000000d83b37f8 at C:\re\jdk7u67\1368\hotspot\src\share\vm\prims\jvm.cpp:1244
Event: 0.684 Thread 0x000000000039e800 Threw 0x00000000d83b3920 at C:\re\jdk7u67\1368\hotspot\src\share\vm\prims\jvm.cpp:1244
Event: 0.699 Thread 0x000000000c0ae800 Threw 0x00000000d849a938 at C:\re\jdk7u67\1368\hotspot\src\share\vm\prims\jvm.cpp:1244
Event: 5.162 Thread 0x000000000c0ae800 Threw 0x00000000d9827210 at C:\re\jdk7u67\1368\hotspot\src\share\vm\prims\jvm.cpp:1244
Event: 5.187 Thread 0x000000000c0ae800 Threw 0x00000000d988bcb8 at C:\re\jdk7u67\1368\hotspot\src\share\vm\prims\jvm.cpp:1244
Event: 5.189 Thread 0x000000000c0ae800 Threw 0x00000000d988f550 at C:\re\jdk7u67\1368\hotspot\src\share\vm\prims\jvm.cpp:1244
Event: 5.191 Thread 0x000000000c0ae800 Threw 0x00000000d9891988 at C:\re\jdk7u67\1368\hotspot\src\share\vm\prims\jvm.cpp:1244
Event: 5.192 Thread 0x000000000c0ae800 Threw 0x00000000d9893300 at C:\re\jdk7u67\1368\hotspot\src\share\vm\prims\jvm.cpp:1244
Event: 5.240 Thread 0x000000000c0ae800 Threw 0x00000000d98dd8c8 at C:\re\jdk7u67\1368\hotspot\src\share\vm\prims\jvm.cpp:1244

Events (10 events):
Event: 5.302 Thread 0x000000000c0ae800 Uncommon trap: trap_request=0x000000c3 fr.pc=0x00000000021aa544
Event: 5.302 Thread 0x000000000c0ae800 DEOPT PACKING pc=0x00000000021aa544 sp=0x00000000101cf350
Event: 5.302 Thread 0x000000000c0ae800 DEOPT UNPACKING pc=0x0000000002139064 sp=0x00000000101cf320 mode 2
Event: 5.774 Thread 0x000000000c0b2000 Thread exited: 0x000000000c0b2000
Event: 8.288 Thread 0x000000000c0b2000 Thread added: 0x000000000c0b2000
Event: 8.288 Thread 0x0000000011e41800 Thread added: 0x0000000011e41800
Event: 8.288 Thread 0x000000000c0b2000 Thread exited: 0x000000000c0b2000
Event: 8.288 Thread 0x000000000c1b3800 Thread exited: 0x000000000c1b3800
Event: 8.289 loading class 0x000000000c01af60
Event: 8.290 loading class 0x000000000c01af60 done


Dynamic libraries:
0x000000013f0e0000 - 0x000000013f113000 	C:\Program Files\Java\jdk1.7.0_67\bin\javaw.exe
0x00000000772f0000 - 0x0000000077499000 	C:\Windows\SYSTEM32\ntdll.dll
0x00000000770d0000 - 0x00000000771ef000 	C:\Windows\system32\kernel32.dll
0x000007fefd280000 - 0x000007fefd2ec000 	C:\Windows\system32\KERNELBASE.dll
0x000007fefebe0000 - 0x000007fefecbb000 	C:\Windows\system32\ADVAPI32.dll
0x000007fefeac0000 - 0x000007fefeb5f000 	C:\Windows\system32\msvcrt.dll
0x000007fefd870000 - 0x000007fefd88f000 	C:\Windows\SYSTEM32\sechost.dll
0x000007feff4d0000 - 0x000007feff5fd000 	C:\Windows\system32\RPCRT4.dll
0x00000000771f0000 - 0x00000000772ea000 	C:\Windows\system32\USER32.dll
0x000007fefeb60000 - 0x000007fefebc7000 	C:\Windows\system32\GDI32.dll
0x000007fefebd0000 - 0x000007fefebde000 	C:\Windows\system32\LPK.dll
0x000007fefd620000 - 0x000007fefd6e9000 	C:\Windows\system32\USP10.dll
0x000007fefb700000 - 0x000007fefb8f4000 	C:\Windows\WinSxS\amd64_microsoft.windows.common-controls_6595b64144ccf1df_6.0.7601.17514_none_fa396087175ac9ac\COMCTL32.dll
0x000007fefd5a0000 - 0x000007fefd611000 	C:\Windows\system32\SHLWAPI.dll
0x000007fefecc0000 - 0x000007fefecee000 	C:\Windows\system32\IMM32.DLL
0x000007feff3c0000 - 0x000007feff4c9000 	C:\Windows\system32\MSCTF.dll
0x000000006f130000 - 0x000000006f202000 	C:\Program Files\Java\jdk1.7.0_67\jre\bin\msvcr100.dll
0x000000006add0000 - 0x000000006b5a2000 	C:\Program Files\Java\jdk1.7.0_67\jre\bin\server\jvm.dll
0x000007fef8850000 - 0x000007fef8859000 	C:\Windows\system32\WSOCK32.dll
0x000007fefd890000 - 0x000007fefd8dd000 	C:\Windows\system32\WS2_32.dll
0x000007fefe9f0000 - 0x000007fefe9f8000 	C:\Windows\system32\NSI.dll
0x000007fefb190000 - 0x000007fefb1cb000 	C:\Windows\system32\WINMM.dll
0x00000000774c0000 - 0x00000000774c7000 	C:\Windows\system32\PSAPI.DLL
0x00000000733a0000 - 0x00000000733af000 	C:\Program Files\Java\jdk1.7.0_67\jre\bin\verify.dll
0x000000006f770000 - 0x000000006f798000 	C:\Program Files\Java\jdk1.7.0_67\jre\bin\java.dll
0x000000006ffd0000 - 0x000000006ffe5000 	C:\Program Files\Java\jdk1.7.0_67\jre\bin\zip.dll
0x000000006eb60000 - 0x000000006ecf5000 	C:\Program Files\Java\jdk1.7.0_67\jre\bin\awt.dll
0x000007fefd790000 - 0x000007fefd867000 	C:\Windows\system32\OLEAUT32.dll
0x000007fefe7e0000 - 0x000007fefe9e3000 	C:\Windows\system32\ole32.dll
0x000007fefb050000 - 0x000007fefb068000 	C:\Windows\system32\DWMAPI.DLL
0x000007fefb6a0000 - 0x000007fefb6f6000 	C:\Windows\system32\uxtheme.dll
0x000007fefcfa0000 - 0x000007fefcfaf000 	C:\Windows\system32\CRYPTBASE.dll
0x000007fefc1a0000 - 0x000007fefc1ac000 	C:\Windows\system32\VERSION.dll
0x000007fef92f0000 - 0x000007fef92fd000 	C:\Windows\system32\atiu9p64.dll
0x000000006f720000 - 0x000000006f767000 	C:\Program Files\Java\jdk1.7.0_67\jre\bin\fontmanager.dll
0x000007fefd8e0000 - 0x000007fefe668000 	C:\Windows\system32\SHELL32.dll
0x000000006f700000 - 0x000000006f719000 	C:\Program Files\Java\jdk1.7.0_67\jre\bin\net.dll
0x000007fefc8e0000 - 0x000007fefc935000 	C:\Windows\system32\mswsock.dll
0x000007fefc8d0000 - 0x000007fefc8d7000 	C:\Windows\System32\wship6.dll
0x000000006eda0000 - 0x000000006edb1000 	C:\Program Files\Java\jdk1.7.0_67\jre\bin\nio.dll
0x000000006ed50000 - 0x000000006ed91000 	C:\Program Files\Java\jdk1.7.0_67\jre\bin\t2k.dll
0x000007fefd6f0000 - 0x000007fefd789000 	C:\Windows\system32\CLBCatQ.DLL
0x000007fefadf0000 - 0x000007fefaf51000 	C:\Windows\system32\WindowsCodecs.dll
0x000007fefcf40000 - 0x000007fefcf97000 	C:\Windows\system32\apphelp.dll
0x000007fef05a0000 - 0x000007fef07dd000 	C:\PROGRA~1\MICROS~2\Office15\GROOVEEX.DLL
0x0000000074be0000 - 0x0000000074c78000 	C:\Windows\system32\MSVCP100.dll
0x0000000074b80000 - 0x0000000074bab000 	C:\Windows\system32\ATL100.DLL
0x000007fef0280000 - 0x000007fef059c000 	C:\Windows\system32\msi.dll
0x000007feef4f0000 - 0x000007feefd74000 	C:\PROGRA~1\MICROS~2\Office15\1038\GrooveIntlResource.dll
0x000000006fe30000 - 0x000000006fed0000 	C:\Program Files\AVAST Software\Avast\ashShA64.dll
0x000007fef4070000 - 0x000007fef409b000 	C:\Users\FBalazs\AppData\Roaming\Dropbox\bin\DropboxExt64.24.dll
0x000007fef6030000 - 0x000007fef6155000 	C:\Windows\system32\dbghelp.dll
0x000000006f620000 - 0x000000006f6f3000 	C:\Windows\WinSxS\amd64_microsoft.vc90.crt_1fc8b3b9a1e18e3b_9.0.30729.6161_none_08e61857a83bc251\MSVCP90.dll
0x000000006abc0000 - 0x000000006ac63000 	C:\Windows\WinSxS\amd64_microsoft.vc90.crt_1fc8b3b9a1e18e3b_9.0.30729.6161_none_08e61857a83bc251\MSVCR90.dll
0x000007fef3f20000 - 0x000007fef3f55000 	C:\Windows\system32\EhStorShell.dll
0x000007fefefa0000 - 0x000007feff177000 	C:\Windows\system32\SETUPAPI.dll
0x000007fefd130000 - 0x000007fefd166000 	C:\Windows\system32\CFGMGR32.dll
0x000007fefd320000 - 0x000007fefd33a000 	C:\Windows\system32\DEVOBJ.dll
0x000007fefbd20000 - 0x000007fefbe4c000 	C:\Windows\system32\PROPSYS.dll
0x000007fef4df0000 - 0x000007fef4e70000 	C:\Windows\system32\ntshrui.dll
0x000007fefccb0000 - 0x000007fefccd3000 	C:\Windows\system32\srvcli.dll
0x000007fef74a0000 - 0x000007fef74af000 	C:\Windows\system32\cscapi.dll
0x000007fefb0c0000 - 0x000007fefb0cb000 	C:\Windows\system32\slc.dll
0x000000006ed20000 - 0x000000006ed50000 	C:\Program Files\Java\jdk1.7.0_67\jre\bin\jpeg.dll

VM Arguments:
jvm_args: -Dfile.encoding=Cp1250 
java_command: hu.berzsenyi.qr.read.ReaderApp
Launcher Type: SUN_STANDARD

Environment Variables:
JAVA_HOME=C:\Program Files\Java\jdk1.8.0_05
PATH=C:\ProgramData\Oracle\Java\javapath;C:\Program Files (x86)\NVIDIA Corporation\PhysX\Common;C:\Program Files (x86)\AMD APP\bin\x86_64;C:\Program Files (x86)\AMD APP\bin\x86;C:\Windows\system32;C:\Windows;C:\Windows\System32\Wbem;C:\Windows\System32\WindowsPowerShell\v1.0\;C:\Program Files (x86)\ATI Technologies\ATI.ACE\Core-Static
USERNAME=FBalazs
OS=Windows_NT
PROCESSOR_IDENTIFIER=AMD64 Family 18 Model 1 Stepping 0, AuthenticAMD



---------------  S Y S T E M  ---------------

OS: Windows 7 , 64 bit Build 7601 Service Pack 1

CPU:total 4 (4 cores per cpu, 1 threads per core) family 18 model 1 stepping 0, cmov, cx8, fxsr, mmx, sse, sse2, sse3, popcnt, mmxext, 3dnowpref, lzcnt, sse4a, tsc, tscinvbit, tscinv

Memory: 4k page, physical 7843580k(4034212k free), swap 15685296k(11382428k free)

vm_info: Java HotSpot(TM) 64-Bit Server VM (24.65-b04) for windows-amd64 JRE (1.7.0_67-b01), built on Jul 25 2014 08:55:00 by "java_re" with unknown MS VC++:1600

time: Fri Oct 24 14:27:28 2014
elapsed time: 8 seconds

